<?xml version="1.0" encoding="UTF-8"?>
<testsuite xmlns:xsi="http://www.w3.org/2001/XMLSchema-instance" xsi:noNamespaceSchemaLocation="https://maven.apache.org/surefire/maven-surefire-plugin/xsd/surefire-test-report.xsd" name="org.example.AppTest" time="0.295" tests="8" errors="0" skipped="0" failures="0">
  <properties>
[...]
</properties>
  <testcase name="Testdivide" classname="org.example.AppTest" time="0.008"/>
  <testcase name="TestMax" classname="org.example.AppTest" time="0.003"/>
  <testcase name="TestMin" classname="org.example.AppTest" time="0.003"/>
  <testcase name="TestSum" classname="org.example.AppTest" time="0.002"/>
  <testcase name="TestMinElement" classname="org.example.AppTest" time="0.011"/>
  <testcase name="Testminus" classname="org.example.AppTest" time="0"/>
  <testcase name="Testmultiply" classname="org.example.AppTest" time="0.002"/>
  <testcase name="TestMaxElement" classname="org.example.AppTest" time="0.003"/>
</testsuite>